c:\users\focka\onedrive\documents\auc files\digital design 1\project\project1\x64\debug\vc143.pdb
c:\users\focka\onedrive\documents\auc files\digital design 1\project\project1\x64\debug\vc143.idb
c:\users\focka\onedrive\documents\auc files\digital design 1\project\project1\x64\debug\source.obj
c:\users\focka\onedrive\documents\auc files\digital design 1\project\project1\x64\debug\implicant.obj
c:\users\focka\onedrive\documents\auc files\digital design 1\project\project1\x64\debug\project1.exe
c:\users\focka\onedrive\documents\auc files\digital design 1\project\project1\x64\debug\project1.ilk
c:\users\focka\onedrive\documents\auc files\digital design 1\project\project1\x64\debug\project1.pdb
c:\users\abdel\onedrive\documents\github\dd1-project1\x64\debug\implicant.obj
c:\users\abdel\onedrive\documents\github\dd1-project1\x64\debug\source.obj
c:\users\abdel\onedrive\documents\github\dd1-project1\x64\debug\source.obj.enc
c:\users\abdel\onedrive\documents\github\dd1-project1\x64\debug\project1.ilk
c:\users\abdel\onedrive\documents\github\dd1-project1\x64\debug\vc143.idb
c:\users\abdel\onedrive\documents\github\dd1-project1\x64\debug\project1.pdb
c:\users\abdel\onedrive\documents\github\dd1-project1\x64\debug\vc143.pdb
c:\users\abdel\onedrive\documents\github\dd1-project1\x64\debug\project1.exe
c:\users\abdel\onedrive\documents\github\dd1-project1\x64\debug\project1.tlog\cl.command.1.tlog
c:\users\abdel\onedrive\documents\github\dd1-project1\x64\debug\project1.tlog\cl.read.1.tlog
c:\users\abdel\onedrive\documents\github\dd1-project1\x64\debug\project1.tlog\cl.write.1.tlog
c:\users\abdel\onedrive\documents\github\dd1-project1\x64\debug\project1.tlog\link.command.1.tlog
c:\users\abdel\onedrive\documents\github\dd1-project1\x64\debug\project1.tlog\link.read.1.tlog
c:\users\abdel\onedrive\documents\github\dd1-project1\x64\debug\project1.tlog\link.write.1.tlog
